<?xml version="1.0" encoding="UTF-8"?>
<!-- Generated by org.testng.reporters.JUnitReportReporter -->
<testsuite hostname="DESKTOP-3D33GQ4" failures="0" tests="1" name="Regression.Testcase_POM" time="7.203" errors="0" timestamp="2020-10-30T00:22:04 IST" skipped="0">
  <testcase classname="Regression.Testcase_POM" name="Testcaseone" time="7.203"/>
  <system-out/>
</testsuite> <!-- Regression.Testcase_POM -->
