<?xml version="1.0" encoding="UTF-8"?>
<!-- Generated by org.testng.reporters.JUnitReportReporter -->
<testsuite hostname="DESKTOP-3D33GQ4" failures="0" tests="1" name="Regression.ATest" time="0.005" errors="0" timestamp="2020-11-03T23:44:55 IST" skipped="0">
  <testcase classname="Regression.ATest" name="firstTest" time="0.005"/>
  <system-out/>
</testsuite> <!-- Regression.ATest -->
