<?xml version="1.0" encoding="UTF-8"?>
<!-- Generated by org.testng.reporters.JUnitReportReporter -->
<testsuite hostname="DESKTOP-3D33GQ4" failures="0" tests="1" name="Regression.BTest" time="0.003" errors="0" timestamp="2020-11-03T23:44:55 IST" skipped="0">
  <testcase classname="Regression.BTest" name="secondTest" time="0.003"/>
  <system-out/>
</testsuite> <!-- Regression.BTest -->
