<?xml version="1.0" encoding="UTF-8"?>
<!-- Generated by org.testng.reporters.JUnitReportReporter -->
<testsuite hostname="DESKTOP-3D33GQ4" name="Sanity.ATest" tests="1" failures="0" timestamp="13 Oct 2020 14:00:18 GMT" time="0.001" errors="0">
  <testcase name="firstTest" time="0.001" classname="Sanity.ATest"/>
</testsuite> <!-- Sanity.ATest -->
